2017-10-08 17:15:17.187 [main] DEBUG i.n.util.internal.logging.InternalLoggerFactory - Using SLF4J as the default logging framework
2017-10-08 17:15:17.193 [main] DEBUG io.netty.channel.MultithreadEventLoopGroup - -Dio.netty.eventLoopThreads: 16
2017-10-08 17:15:17.238 [main] DEBUG io.netty.util.internal.PlatformDependent - Platform: Windows
2017-10-08 17:15:17.240 [main] DEBUG io.netty.util.internal.PlatformDependent0 - -Dio.netty.noUnsafe: false
2017-10-08 17:15:17.240 [main] DEBUG io.netty.util.internal.PlatformDependent0 - Java version: 8
2017-10-08 17:15:17.242 [main] DEBUG io.netty.util.internal.PlatformDependent0 - sun.misc.Unsafe.theUnsafe: available
2017-10-08 17:15:17.246 [main] DEBUG io.netty.util.internal.PlatformDependent0 - sun.misc.Unsafe.copyMemory: available
2017-10-08 17:15:17.247 [main] DEBUG io.netty.util.internal.PlatformDependent0 - java.nio.Buffer.address: available
2017-10-08 17:15:17.247 [main] DEBUG io.netty.util.internal.PlatformDependent0 - direct buffer constructor: available
2017-10-08 17:15:17.248 [main] DEBUG io.netty.util.internal.PlatformDependent0 - java.nio.Bits.unaligned: available, true
2017-10-08 17:15:17.248 [main] DEBUG io.netty.util.internal.PlatformDependent0 - jdk.internal.misc.Unsafe.allocateUninitializedArray(int): unavailable prior to Java9
2017-10-08 17:15:17.248 [main] DEBUG io.netty.util.internal.PlatformDependent0 - java.nio.DirectByteBuffer.<init>(long, int): available
2017-10-08 17:15:17.248 [main] DEBUG io.netty.util.internal.PlatformDependent - sun.misc.Unsafe: available
2017-10-08 17:15:17.249 [main] DEBUG io.netty.util.internal.PlatformDependent - -Dio.netty.tmpdir: C:\Users\MAC\AppData\Local\Temp (java.io.tmpdir)
2017-10-08 17:15:17.249 [main] DEBUG io.netty.util.internal.PlatformDependent - -Dio.netty.bitMode: 64 (sun.arch.data.model)
2017-10-08 17:15:17.251 [main] DEBUG io.netty.util.internal.PlatformDependent - -Dio.netty.noPreferDirect: false
2017-10-08 17:15:17.252 [main] DEBUG io.netty.util.internal.PlatformDependent - -Dio.netty.maxDirectMemory: 1884815360 bytes
2017-10-08 17:15:17.252 [main] DEBUG io.netty.util.internal.PlatformDependent - -Dio.netty.uninitializedArrayAllocationThreshold: -1
2017-10-08 17:15:17.253 [main] DEBUG io.netty.util.internal.CleanerJava6 - java.nio.ByteBuffer.cleaner(): available
2017-10-08 17:15:17.275 [main] DEBUG io.netty.channel.nio.NioEventLoop - -Dio.netty.noKeySetOptimization: false
2017-10-08 17:15:17.275 [main] DEBUG io.netty.channel.nio.NioEventLoop - -Dio.netty.selectorAutoRebuildThreshold: 512
2017-10-08 17:15:17.286 [main] DEBUG io.netty.util.internal.PlatformDependent - org.jctools-core.MpscChunkedArrayQueue: available
2017-10-08 17:15:17.437 [main] DEBUG io.netty.channel.DefaultChannelId - -Dio.netty.processId: 160876 (auto-detected)
2017-10-08 17:15:17.439 [main] DEBUG io.netty.util.NetUtil - -Djava.net.preferIPv4Stack: false
2017-10-08 17:15:17.439 [main] DEBUG io.netty.util.NetUtil - -Djava.net.preferIPv6Addresses: false
2017-10-08 17:15:17.670 [main] DEBUG io.netty.util.NetUtil - Loopback interface: lo (Software Loopback Interface 1, 127.0.0.1)
2017-10-08 17:15:17.671 [main] DEBUG io.netty.util.NetUtil - Failed to get SOMAXCONN from sysctl and file \proc\sys\net\core\somaxconn. Default: 200
2017-10-08 17:15:17.952 [main] DEBUG io.netty.channel.DefaultChannelId - -Dio.netty.machineId: 00:00:00:00:00:00:00:e0 (auto-detected)
2017-10-08 17:15:18.257 [main] DEBUG io.netty.util.internal.InternalThreadLocalMap - -Dio.netty.threadLocalMap.stringBuilder.initialSize: 1024
2017-10-08 17:15:18.258 [main] DEBUG io.netty.util.internal.InternalThreadLocalMap - -Dio.netty.threadLocalMap.stringBuilder.maxSize: 4096
2017-10-08 17:15:18.278 [main] DEBUG io.netty.util.ResourceLeakDetector - -Dio.netty.leakDetection.level: simple
2017-10-08 17:15:18.278 [main] DEBUG io.netty.util.ResourceLeakDetector - -Dio.netty.leakDetection.maxRecords: 4
2017-10-08 17:15:18.314 [main] DEBUG io.netty.buffer.PooledByteBufAllocator - -Dio.netty.allocator.numHeapArenas: 16
2017-10-08 17:15:18.314 [main] DEBUG io.netty.buffer.PooledByteBufAllocator - -Dio.netty.allocator.numDirectArenas: 16
2017-10-08 17:15:18.314 [main] DEBUG io.netty.buffer.PooledByteBufAllocator - -Dio.netty.allocator.pageSize: 8192
2017-10-08 17:15:18.316 [main] DEBUG io.netty.buffer.PooledByteBufAllocator - -Dio.netty.allocator.maxOrder: 11
2017-10-08 17:15:18.316 [main] DEBUG io.netty.buffer.PooledByteBufAllocator - -Dio.netty.allocator.chunkSize: 16777216
2017-10-08 17:15:18.316 [main] DEBUG io.netty.buffer.PooledByteBufAllocator - -Dio.netty.allocator.tinyCacheSize: 512
2017-10-08 17:15:18.316 [main] DEBUG io.netty.buffer.PooledByteBufAllocator - -Dio.netty.allocator.smallCacheSize: 256
2017-10-08 17:15:18.317 [main] DEBUG io.netty.buffer.PooledByteBufAllocator - -Dio.netty.allocator.normalCacheSize: 64
2017-10-08 17:15:18.317 [main] DEBUG io.netty.buffer.PooledByteBufAllocator - -Dio.netty.allocator.maxCachedBufferCapacity: 32768
2017-10-08 17:15:18.317 [main] DEBUG io.netty.buffer.PooledByteBufAllocator - -Dio.netty.allocator.cacheTrimInterval: 8192
2017-10-08 17:15:18.317 [main] DEBUG io.netty.buffer.PooledByteBufAllocator - -Dio.netty.allocator.useCacheForAllThreads: true
2017-10-08 17:15:18.336 [main] DEBUG io.netty.buffer.ByteBufUtil - -Dio.netty.allocator.type: pooled
2017-10-08 17:15:18.337 [main] DEBUG io.netty.buffer.ByteBufUtil - -Dio.netty.threadLocalDirectBufferSize: 65536
2017-10-08 17:15:18.337 [main] DEBUG io.netty.buffer.ByteBufUtil - -Dio.netty.maxThreadLocalCharBufferSize: 16384
2017-10-08 17:15:18.474 [nioEventLoopGroup-2-1] DEBUG io.netty.util.Recycler - -Dio.netty.recycler.maxCapacityPerThread: 32768
2017-10-08 17:15:18.474 [nioEventLoopGroup-2-1] DEBUG io.netty.util.Recycler - -Dio.netty.recycler.maxSharedCapacityFactor: 2
2017-10-08 17:15:18.474 [nioEventLoopGroup-2-1] DEBUG io.netty.util.Recycler - -Dio.netty.recycler.linkCapacity: 16
2017-10-08 17:15:18.474 [nioEventLoopGroup-2-1] DEBUG io.netty.util.Recycler - -Dio.netty.recycler.ratio: 8
2017-10-08 17:15:18.490 [nioEventLoopGroup-2-1] DEBUG io.netty.buffer.AbstractByteBuf - -Dio.netty.buffer.bytebuf.checkAccessible: true
2017-10-08 17:15:18.491 [nioEventLoopGroup-2-1] DEBUG io.netty.util.ResourceLeakDetectorFactory - Loaded default ResourceLeakDetector: io.netty.util.ResourceLeakDetector@1e0ee7a7
2017-10-08 17:15:18.500 [nioEventLoopGroup-2-1] INFO  YClientHandler - 连接服务端的通道激活,开始进行认证登录...
2017-10-08 17:15:18.505 [nioEventLoopGroup-2-1] DEBUG YCMessageDecoder - 开始解码中。。。。。。。。。。。。杀杀杀
2017-10-08 17:15:18.506 [nioEventLoopGroup-2-1] INFO  YClientHandler - 登录成功,服务端返回:恭喜你，认证成功! 
